# JRE version: OpenJDK Runtime Environment (17.0.1+12) (build 17.0.1+12-39)
# Java VM: OpenJDK 64-Bit Server VM (17.0.1+12-39, mixed mode, emulated-client, sharing, tiered, compressed oops, compressed class ptrs, g1 gc, bsd-amd64)
GC Precious Log:
 CPUs: 4 total, 4 available
 Memory: 8192M
 Large Page Support: Disabled
 NUMA Support: Disabled
 Compressed Oops: Enabled (Zero based)
 Heap Region Size: 1M
 Heap Min Capacity: 8M
 Heap Initial Capacity: 128M
 Heap Max Capacity: 2G
 Pre-touch: Disabled
 Parallel Workers: 4
 Concurrent Workers: 1
 Concurrent Refinement Workers: 4
 Periodic GC: Disabled
Heap:
 garbage-first heap   total 136192K, used 61676K [0x0000000780000000, 0x0000000800000000)
  region size 1024K, 9 young (9216K), 2 survivors (2048K)
 Metaspace       used 32274K, committed 32640K, reserved 1081344K
  class space    used 4342K, committed 4480K, reserved 1048576K
GC Heap History (20 events):
Event: 9.064 GC heap before
{Heap before GC invocations=6 (full 0):
 garbage-first heap   total 71680K, used 18429K [0x0000000780000000, 0x0000000800000000)
  region size 1024K, 9 young (9216K), 8 survivors (8192K)
 Metaspace       used 26653K, committed 27008K, reserved 1073152K
  class space    used 3634K, committed 3776K, reserved 1048576K
}
Event: 9.073 GC heap after
{Heap after GC invocations=7 (full 0):
 garbage-first heap   total 71680K, used 18553K [0x0000000780000000, 0x0000000800000000)
  region size 1024K, 2 young (2048K), 2 survivors (2048K)
 Metaspace       used 26653K, committed 27008K, reserved 1073152K
  class space    used 3634K, committed 3776K, reserved 1048576K
}
Event: 15.597 GC heap before
{Heap before GC invocations=7 (full 0):
 garbage-first heap   total 71680K, used 39033K [0x0000000780000000, 0x0000000800000000)
  region size 1024K, 23 young (23552K), 2 survivors (2048K)
 Metaspace       used 30957K, committed 31360K, reserved 1081344K
  class space    used 4226K, committed 4416K, reserved 1048576K
}
Event: 15.607 GC heap after
{Heap after GC invocations=8 (full 0):
 garbage-first heap   total 71680K, used 18658K [0x0000000780000000, 0x0000000800000000)
  region size 1024K, 2 young (2048K), 2 survivors (2048K)
 Metaspace       used 30957K, committed 31360K, reserved 1081344K
  class space    used 4226K, committed 4416K, reserved 1048576K
}
Event: 15.822 GC heap before
{Heap before GC invocations=8 (full 0):
 garbage-first heap   total 71680K, used 61666K [0x0000000780000000, 0x0000000800000000)
  region size 1024K, 31 young (31744K), 2 survivors (2048K)
 Metaspace       used 31222K, committed 31616K, reserved 1081344K
  class space    used 4250K, committed 4416K, reserved 1048576K
}
Event: 15.829 GC heap after
{Heap after GC invocations=9 (full 0):
 garbage-first heap   total 71680K, used 34127K [0x0000000780000000, 0x0000000800000000)
  region size 1024K, 2 young (2048K), 2 survivors (2048K)
 Metaspace       used 31222K, committed 31616K, reserved 1081344K
  class space    used 4250K, committed 4416K, reserved 1048576K
}
Event: 16.381 GC heap before
{Heap before GC invocations=9 (full 0):
 garbage-first heap   total 71680K, used 37199K [0x0000000780000000, 0x0000000800000000)
  region size 1024K, 6 young (6144K), 2 survivors (2048K)
 Metaspace       used 32027K, committed 32384K, reserved 1081344K
  class space    used 4308K, committed 4480K, reserved 1048576K
}
Event: 16.389 GC heap after
{Heap after GC invocations=10 (full 0):
 garbage-first heap   total 136192K, used 18655K [0x0000000780000000, 0x0000000800000000)
  region size 1024K, 2 young (2048K), 2 survivors (2048K)
 Metaspace       used 32027K, committed 32384K, reserved 1081344K
  class space    used 4308K, committed 4480K, reserved 1048576K
}
Event: 16.956 GC heap before
{Heap before GC invocations=10 (full 0):
 garbage-first heap   total 136192K, used 78047K [0x0000000780000000, 0x0000000800000000)
  region size 1024K, 19 young (19456K), 2 survivors (2048K)
 Metaspace       used 32054K, committed 32448K, reserved 1081344K
  class space    used 4310K, committed 4480K, reserved 1048576K
}
Event: 16.961 GC heap after
{Heap after GC invocations=11 (full 0):
 garbage-first heap   total 136192K, used 24866K [0x0000000780000000, 0x0000000800000000)
  region size 1024K, 2 young (2048K), 2 survivors (2048K)
 Metaspace       used 32054K, committed 32448K, reserved 1081344K
  class space    used 4310K, committed 4480K, reserved 1048576K
}
Event: 17.537 GC heap before
{Heap before GC invocations=11 (full 0):
 garbage-first heap   total 136192K, used 71970K [0x0000000780000000, 0x0000000800000000)
  region size 1024K, 13 young (13312K), 2 survivors (2048K)
 Metaspace       used 32054K, committed 32448K, reserved 1081344K
  class space    used 4310K, committed 4480K, reserved 1048576K
}
Event: 17.539 GC heap after
{Heap after GC invocations=12 (full 0):
 garbage-first heap   total 136192K, used 24799K [0x0000000780000000, 0x0000000800000000)
  region size 1024K, 2 young (2048K), 2 survivors (2048K)
 Metaspace       used 32054K, committed 32448K, reserved 1081344K
  class space    used 4310K, committed 4480K, reserved 1048576K
}
Event: 18.068 GC heap before
{Heap before GC invocations=12 (full 0):
 garbage-first heap   total 136192K, used 71903K [0x0000000780000000, 0x0000000800000000)
  region size 1024K, 13 young (13312K), 2 survivors (2048K)
 Metaspace       used 32054K, committed 32448K, reserved 1081344K
  class space    used 4310K, committed 4480K, reserved 1048576K
}
Event: 18.071 GC heap after
{Heap after GC invocations=13 (full 0):
 garbage-first heap   total 136192K, used 24866K [0x0000000780000000, 0x0000000800000000)
  region size 1024K, 2 young (2048K), 2 survivors (2048K)
 Metaspace       used 32054K, committed 32448K, reserved 1081344K
  class space    used 4310K, committed 4480K, reserved 1048576K
}
Event: 18.586 GC heap before
{Heap before GC invocations=13 (full 0):
 garbage-first heap   total 136192K, used 71970K [0x0000000780000000, 0x0000000800000000)
  region size 1024K, 13 young (13312K), 2 survivors (2048K)
 Metaspace       used 32059K, committed 32448K, reserved 1081344K
  class space    used 4311K, committed 4480K, reserved 1048576K
}
Event: 18.589 GC heap after
{Heap after GC invocations=14 (full 0):
 garbage-first heap   total 136192K, used 24802K [0x0000000780000000, 0x0000000800000000)
  region size 1024K, 2 young (2048K), 2 survivors (2048K)
 Metaspace       used 32059K, committed 32448K, reserved 1081344K
  class space    used 4311K, committed 4480K, reserved 1048576K
}
Event: 44.238 GC heap before
{Heap before GC invocations=14 (full 0):
 garbage-first heap   total 136192K, used 98530K [0x0000000780000000, 0x0000000800000000)
  region size 1024K, 41 young (41984K), 2 survivors (2048K)
 Metaspace       used 32274K, committed 32640K, reserved 1081344K
  class space    used 4342K, committed 4480K, reserved 1048576K
}
Event: 44.241 GC heap after
{Heap after GC invocations=15 (full 0):
 garbage-first heap   total 136192K, used 24869K [0x0000000780000000, 0x0000000800000000)
  region size 1024K, 2 young (2048K), 2 survivors (2048K)
 Metaspace       used 32274K, committed 32640K, reserved 1081344K
  class space    used 4342K, committed 4480K, reserved 1048576K
}
Event: 44.773 GC heap before
{Heap before GC invocations=15 (full 0):
 garbage-first heap   total 136192K, used 72997K [0x0000000780000000, 0x0000000800000000)
  region size 1024K, 14 young (14336K), 2 survivors (2048K)
 Metaspace       used 32274K, committed 32640K, reserved 1081344K
  class space    used 4342K, committed 4480K, reserved 1048576K
}
Event: 44.775 GC heap after
{Heap after GC invocations=16 (full 0):
 garbage-first heap   total 136192K, used 24812K [0x0000000780000000, 0x0000000800000000)
  region size 1024K, 2 young (2048K), 2 survivors (2048K)
 Metaspace       used 32274K, committed 32640K, reserved 1081344K
  class space    used 4342K, committed 4480K, reserved 1048576K
}

